2019-09-01T12:41:51.447544+00:00 app[api]: Release v1 created by user luizhenrique98@gmail.com
2019-09-01T12:41:51.447544+00:00 app[api]: Initial release by user luizhenrique98@gmail.com
2019-09-01T12:41:51.798852+00:00 app[api]: Enable Logplex by user luizhenrique98@gmail.com
2019-09-01T12:41:51.798852+00:00 app[api]: Release v2 created by user luizhenrique98@gmail.com
2019-09-01T12:46:08.000000+00:00 app[api]: Build started by user luizhenrique98@gmail.com
2019-09-01T12:46:45.083184+00:00 app[api]: Deploy ee90d028 by user luizhenrique98@gmail.com
2019-09-01T12:46:45.083184+00:00 app[api]: Release v3 created by user luizhenrique98@gmail.com
2019-09-01T12:46:55.000000+00:00 app[api]: Build succeeded
2019-09-01T12:47:07.273164+00:00 heroku[router]: at=error code=H14 desc="No web processes running" method=GET path="/favicon.ico" host=campus-party-hacka.herokuapp.com request_id=54372489-dfab-48f4-8939-bda5917ffab6 fwd="191.241.242.5" dyno= connect= service= status=503 bytes= protocol=https
2019-09-01T12:47:07.090377+00:00 heroku[router]: at=error code=H14 desc="No web processes running" method=GET path="/" host=campus-party-hacka.herokuapp.com request_id=3606f572-e96f-476b-8b53-354cd73ba98c fwd="191.241.242.5" dyno= connect= service= status=503 bytes= protocol=https
2019-09-01T12:47:31.649706+00:00 heroku[router]: at=error code=H14 desc="No web processes running" method=POST path="/send_message" host=campus-party-hacka.herokuapp.com request_id=d92ed192-2edc-47a7-956e-13a8ed7462df fwd="191.241.242.5" dyno= connect= service= status=503 bytes= protocol=https
2019-09-01T12:54:55.000000+00:00 app[api]: Build started by user luizhenrique98@gmail.com
2019-09-01T12:55:11.309888+00:00 app[api]: Release v4 created by user luizhenrique98@gmail.com
2019-09-01T12:55:11.309888+00:00 app[api]: Deploy 8dcd909f by user luizhenrique98@gmail.com
2019-09-01T12:55:21.000000+00:00 app[api]: Build succeeded
2019-09-01T12:55:31.772850+00:00 heroku[router]: at=error code=H14 desc="No web processes running" method=GET path="/" host=campus-party-hacka.herokuapp.com request_id=93a49d2d-bec4-4b0b-a6d1-5de1379e430c fwd="191.241.242.5" dyno= connect= service= status=503 bytes= protocol=https
2019-09-01T12:56:27.973860+00:00 heroku[router]: at=error code=H14 desc="No web processes running" method=POST path="/send_message" host=campus-party-hacka.herokuapp.com request_id=b4f71c30-6112-4456-91eb-ecd8eea866eb fwd="191.241.242.5" dyno= connect= service= status=503 bytes= protocol=https
2019-09-01T13:01:02.000000+00:00 app[api]: Build started by user luizhenrique98@gmail.com
2019-09-01T13:01:18.878299+00:00 app[api]: Release v5 created by user luizhenrique98@gmail.com
2019-09-01T13:01:18.878299+00:00 app[api]: Deploy 9b89da28 by user luizhenrique98@gmail.com
2019-09-01T13:01:18.899705+00:00 app[api]: Scaled to heroku@0:Free web@1:Free by user luizhenrique98@gmail.com
2019-09-01T13:01:22.507771+00:00 heroku[web.1]: Starting process with command `python teste.py`
2019-09-01T13:01:23.689140+00:00 heroku[web.1]: State changed from starting to crashed
2019-09-01T13:01:23.695757+00:00 heroku[web.1]: State changed from crashed to starting
2019-09-01T13:01:23.629118+00:00 app[web.1]: python: can't open file 'teste.py': [Errno 2] No such file or directory
2019-09-01T13:01:23.667549+00:00 heroku[web.1]: Process exited with status 2
2019-09-01T13:01:28.702759+00:00 heroku[web.1]: Starting process with command `python teste.py`
2019-09-01T13:01:28.000000+00:00 app[api]: Build succeeded
2019-09-01T13:01:31.138008+00:00 heroku[web.1]: State changed from starting to crashed
2019-09-01T13:01:31.064249+00:00 app[web.1]: python: can't open file 'teste.py': [Errno 2] No such file or directory
2019-09-01T13:01:31.119259+00:00 heroku[web.1]: Process exited with status 2
2019-09-01T13:01:39.689103+00:00 heroku[router]: at=error code=H10 desc="App crashed" method=POST path="/send_message" host=campus-party-hacka.herokuapp.com request_id=0c53fd94-b0e0-4a37-9d23-b8b2d18e8c28 fwd="191.241.242.5" dyno= connect= service= status=503 bytes= protocol=https
2019-09-01T13:06:46.243001+00:00 heroku[router]: at=error code=H10 desc="App crashed" method=POST path="/send_message" host=campus-party-hacka.herokuapp.com request_id=9783c27f-333f-442b-b240-99c3844b7c5c fwd="191.241.242.5" dyno= connect= service= status=503 bytes= protocol=https
2019-09-01T13:08:05.000000+00:00 app[api]: Build started by user luizhenrique98@gmail.com
2019-09-01T13:08:25.383580+00:00 heroku[web.1]: State changed from crashed to starting
2019-09-01T13:08:25.155562+00:00 app[api]: Release v6 created by user luizhenrique98@gmail.com
2019-09-01T13:08:25.155562+00:00 app[api]: Deploy 54e5e194 by user luizhenrique98@gmail.com
2019-09-01T13:08:29.211767+00:00 heroku[web.1]: Starting process with command `python bot_redirecter.py`
2019-09-01T13:08:31.004737+00:00 heroku[web.1]: Process exited with status 1
2019-09-01T13:08:31.027679+00:00 heroku[web.1]: State changed from starting to crashed
2019-09-01T13:08:30.928388+00:00 app[web.1]: Traceback (most recent call last):
2019-09-01T13:08:30.928425+00:00 app[web.1]: File "bot_redirecter.py", line 1, in <module>
2019-09-01T13:08:30.928597+00:00 app[web.1]: import requests
2019-09-01T13:08:30.928654+00:00 app[web.1]: ModuleNotFoundError: No module named 'requests'
2019-09-01T13:08:35.000000+00:00 app[api]: Build succeeded
2019-09-01T13:08:42.382603+00:00 heroku[router]: at=error code=H10 desc="App crashed" method=POST path="/send_message" host=campus-party-hacka.herokuapp.com request_id=a92443fa-1e74-48d9-930d-500c9277ba93 fwd="191.241.242.5" dyno= connect= service= status=503 bytes= protocol=https
2019-09-01T13:12:36.928381+00:00 heroku[web.1]: State changed from crashed to starting
2019-09-01T13:12:36.000000+00:00 app[api]: Build started by user luizhenrique98@gmail.com
2019-09-01T13:12:41.473903+00:00 heroku[web.1]: Starting process with command `python bot_redirecter.py`
2019-09-01T13:12:44.470724+00:00 heroku[web.1]: State changed from starting to crashed
2019-09-01T13:12:44.446661+00:00 heroku[web.1]: Process exited with status 1
2019-09-01T13:12:44.379383+00:00 app[web.1]: Traceback (most recent call last):
2019-09-01T13:12:44.379472+00:00 app[web.1]: File "bot_redirecter.py", line 1, in <module>
2019-09-01T13:12:44.379865+00:00 app[web.1]: import requests
2019-09-01T13:12:44.379991+00:00 app[web.1]: ModuleNotFoundError: No module named 'requests'
2019-09-01T13:13:03.252990+00:00 heroku[web.1]: State changed from crashed to starting
2019-09-01T13:13:03.046407+00:00 app[api]: Release v7 created by user luizhenrique98@gmail.com
2019-09-01T13:13:03.046407+00:00 app[api]: Deploy 7ed068c1 by user luizhenrique98@gmail.com
2019-09-01T13:13:08.342445+00:00 heroku[web.1]: Starting process with command `python bot_redirecter.py`
2019-09-01T13:13:12.479726+00:00 heroku[web.1]: State changed from starting to crashed
2019-09-01T13:13:12.456276+00:00 heroku[web.1]: Process exited with status 1
2019-09-01T13:13:12.308693+00:00 app[web.1]: Traceback (most recent call last):
2019-09-01T13:13:12.308747+00:00 app[web.1]: File "bot_redirecter.py", line 2, in <module>
2019-09-01T13:13:12.308907+00:00 app[web.1]: import pyrebase
2019-09-01T13:13:12.308942+00:00 app[web.1]: ModuleNotFoundError: No module named 'pyrebase'
2019-09-01T13:13:13.000000+00:00 app[api]: Build succeeded
2019-09-01T13:13:19.952344+00:00 heroku[router]: at=error code=H10 desc="App crashed" method=POST path="/send_message" host=campus-party-hacka.herokuapp.com request_id=5ba8e2d6-336b-49ae-93e3-9e1ab940ed94 fwd="191.241.242.5" dyno= connect= service= status=503 bytes= protocol=https
2019-09-01T13:15:22.000000+00:00 app[api]: Build started by user luizhenrique98@gmail.com
2019-09-01T13:15:39.211869+00:00 app[api]: Deploy 0a4337a5 by user luizhenrique98@gmail.com
2019-09-01T13:15:39.211869+00:00 app[api]: Release v8 created by user luizhenrique98@gmail.com
2019-09-01T13:15:39.526093+00:00 heroku[web.1]: State changed from crashed to starting
2019-09-01T13:15:42.893884+00:00 heroku[web.1]: Starting process with command `python bot_redirecter.py`
2019-09-01T13:15:44.512669+00:00 heroku[web.1]: State changed from starting to crashed
2019-09-01T13:15:44.493707+00:00 heroku[web.1]: Process exited with status 1
2019-09-01T13:15:44.449872+00:00 app[web.1]: Traceback (most recent call last):
2019-09-01T13:15:44.449892+00:00 app[web.1]: File "bot_redirecter.py", line 2, in <module>
2019-09-01T13:15:44.449997+00:00 app[web.1]: import pyrebase
2019-09-01T13:15:44.450018+00:00 app[web.1]: ModuleNotFoundError: No module named 'pyrebase'
2019-09-01T13:15:49.000000+00:00 app[api]: Build succeeded
2019-09-01T13:15:51.881180+00:00 heroku[router]: at=error code=H10 desc="App crashed" method=POST path="/send_message" host=campus-party-hacka.herokuapp.com request_id=c6fc88a3-3abf-4fe8-8c8d-7de73759cabe fwd="191.241.242.5" dyno= connect= service= status=503 bytes= protocol=https
